Build started...
1>------ Build started: Project: Shooting1, Configuration: Development_Editor x64 ------
1>Running UnrealBuildTool: dotnet "..\..\Engine\Binaries\DotNET\UnrealBuildTool\UnrealBuildTool.dll" Shooting1Editor Win64 Development -Project="C:\Users\SBAuser\Desktop\Shooting1\Shooting1.uproject" -WaitMutex -FromMsBuild
1>Log file: C:\Users\SBAuser\AppData\Local\UnrealBuildTool\Log.txt
1>Invalidating makefile for Shooting1Editor (working set of source files changed)
1>Parsing headers for Shooting1Editor
1>  Running Internal UnrealHeaderTool C:\Users\SBAuser\Desktop\Shooting1\Shooting1.uproject C:\Users\SBAuser\Desktop\Shooting1\Intermediate\Build\Win64\Shooting1Editor\Development\Shooting1Editor.uhtmanifest -WarningsAsErrors -installed
1>Total of 0 written
1>Reflection code generated for Shooting1Editor in 0.776543 seconds
1>Building Shooting1Editor...
1>Using Visual Studio 2019 14.29.30147 toolchain (C:\Program Files (x86)\Microsoft Visual Studio\2019\Community\VC\Tools\MSVC\14.29.30133) and Windows 10.0.19041.0 SDK (C:\Program Files (x86)\Windows Kits\10).
1>Determining max actions to execute in parallel (12 physical cores, 20 logical cores)
1>  Executing up to 12 processes, one per physical core
1>  Requested 1.5 GB free memory per action, 17.47 GB available: limiting max parallel actions to 11
1>Building 5 actions with 5 processes...
1>[1/5] Compile CodeTest.gen.cpp
1>C:\Users\SBAuser\Desktop\Shooting1\Source\Shooting1\Public\CodeTest.h(36): error C3646: 'name2': unknown override specifier
1>C:\Users\SBAuser\Desktop\Shooting1\Source\Shooting1\Public\CodeTest.h(36): error C2059: syntax error: '='
1>C:\Users\SBAuser\Desktop\Shooting1\Source\Shooting1\Public\CodeTest.h(36): error C2238: unexpected token(s) preceding ';'
1>[2/5] Link UnrealEditor-Shooting1-0014.lib cancelled
1>[3/5] Link UnrealEditor-Shooting1-0014.dll cancelled
1>[4/5] WriteMetadata Shooting1Editor.target cancelled
1>[5/5] Compile CodeTest.cpp
1>C:\Users\SBAuser\Desktop\Shooting1\Source\Shooting1\Public\CodeTest.h(36): error C3646: 'name2': unknown override specifier
1>C:\Users\SBAuser\Desktop\Shooting1\Source\Shooting1\Public\CodeTest.h(36): error C2059: syntax error: '='
1>C:\Users\SBAuser\Desktop\Shooting1\Source\Shooting1\Public\CodeTest.h(36): error C2238: unexpected token(s) preceding ';'
1>C:\Users\SBAuser\Desktop\Shooting1\Source\Shooting1\Private\CodeTest.cpp(25): error C2065: 'Fnumber1': undeclared identifier
1>C:\Users\SBAuser\Desktop\Shooting1\Source\Shooting1\Private\CodeTest.cpp(30): error C2065: 'name2': undeclared identifier
1>C:\Program Files (x86)\Microsoft Visual Studio\2019\Community\MSBuild\Microsoft\VC\v160\Microsoft.MakeFile.Targets(45,5): error MSB3073: The command ""C:\Program Files\Epic Games\UE_5.1\Engine\Build\BatchFiles\Build.bat" Shooting1Editor Win64 Development -Project="C:\Users\SBAuser\Desktop\Shooting1\Shooting1.uproject" -WaitMutex -FromMsBuild" exited with code 6.
1>Done building project "Shooting1.vcxproj" -- FAILED.
========== Build: 0 succeeded, 1 failed, 0 up-to-date, 0 skipped ==========
